<?xml version="1.0" encoding="UTF-8"?>
<testsuite xmlns:xsi="http://www.w3.org/2001/XMLSchema-instance" xsi:noNamespaceSchemaLocation="https://maven.apache.org/surefire/maven-surefire-plugin/xsd/surefire-test-report-3.0.xsd" version="3.0" name="sample.MyDemoProject.AppTest" time="0.017" tests="1" errors="0" skipped="0" failures="0">
  <properties>
    <property name="sun.desktop" value="windows"/>
    <property name="awt.toolkit" value="sun.awt.windows.WToolkit"/>
    <property name="java.specification.version" value="11"/>
    <property name="sun.cpu.isalist" value="amd64"/>
    <property name="sun.jnu.encoding" value="Cp1252"/>
    <property name="java.class.path" value="C:\Users\e013101\eclipse-workspace\MyDemoProject\target\test-classes;C:\Users\e013101\eclipse-workspace\MyDemoProject\target\classes;C:\Users\e013101\.m2\repository\junit\junit\3.8.1\junit-3.8.1.jar;C:\Users\e013101\.m2\repository\sample\Calculate\0.0.1-SNAPSHOT\Calculate-0.0.1-SNAPSHOT.jar;C:\Users\e013101\.m2\repository\sample\CalculateMessage\0.0.1-SNAPSHOT\CalculateMessage-0.0.1-SNAPSHOT.jar;"/>
    <property name="java.vm.vendor" value="Oracle Corporation"/>
    <property name="sun.arch.data.model" value="64"/>
    <property name="user.variant" value=""/>
    <property name="java.vendor.url" value="https://openjdk.java.net/"/>
    <property name="user.timezone" value="Asia/Calcutta"/>
    <property name="java.vm.specification.version" value="11"/>
    <property name="os.name" value="Windows 10"/>
    <property name="sun.java.launcher" value="SUN_STANDARD"/>
    <property name="user.country" value="AU"/>
    <property name="sun.boot.library.path" value="C:\Program Files\Java\jdk-11\bin"/>
    <property name="sun.java.command" value="C:\Users\e013101\AppData\Local\Temp\surefire8544137142886360929\surefirebooter-20230816122341155_3.jar C:\Users\e013101\AppData\Local\Temp\surefire8544137142886360929 2023-08-16T12-23-39_887-jvmRun1 surefire-20230816122341155_1tmp surefire_0-20230816122341155_2tmp"/>
    <property name="jdk.debug" value="release"/>
    <property name="surefire.test.class.path" value="C:\Users\e013101\eclipse-workspace\MyDemoProject\target\test-classes;C:\Users\e013101\eclipse-workspace\MyDemoProject\target\classes;C:\Users\e013101\.m2\repository\junit\junit\3.8.1\junit-3.8.1.jar;C:\Users\e013101\.m2\repository\sample\Calculate\0.0.1-SNAPSHOT\Calculate-0.0.1-SNAPSHOT.jar;C:\Users\e013101\.m2\repository\sample\CalculateMessage\0.0.1-SNAPSHOT\CalculateMessage-0.0.1-SNAPSHOT.jar;"/>
    <property name="sun.cpu.endian" value="little"/>
    <property name="user.home" value="C:\Users\e013101"/>
    <property name="user.language" value="en"/>
    <property name="java.specification.vendor" value="Oracle Corporation"/>
    <property name="java.version.date" value="2023-01-17"/>
    <property name="java.home" value="C:\Program Files\Java\jdk-11"/>
    <property name="file.separator" value="\"/>
    <property name="basedir" value="C:\Users\e013101\eclipse-workspace\MyDemoProject"/>
    <property name="java.vm.compressedOopsMode" value="Zero based"/>
    <property name="line.separator" value="&#10;"/>
    <property name="java.specification.name" value="Java Platform API Specification"/>
    <property name="java.vm.specification.vendor" value="Oracle Corporation"/>
    <property name="java.awt.graphicsenv" value="sun.awt.Win32GraphicsEnvironment"/>
    <property name="surefire.real.class.path" value="C:\Users\e013101\AppData\Local\Temp\surefire8544137142886360929\surefirebooter-20230816122341155_3.jar"/>
    <property name="user.script" value=""/>
    <property name="sun.management.compiler" value="HotSpot 64-Bit Tiered Compilers"/>
    <property name="java.runtime.version" value="11.0.18+9-LTS-195"/>
    <property name="user.name" value="e013101"/>
    <property name="path.separator" value=";"/>
    <property name="os.version" value="10.0"/>
    <property name="java.runtime.name" value="Java(TM) SE Runtime Environment"/>
    <property name="file.encoding" value="Cp1252"/>
    <property name="java.vm.name" value="Java HotSpot(TM) 64-Bit Server VM"/>
    <property name="java.vendor.version" value="18.9"/>
    <property name="localRepository" value="C:\Users\e013101\.m2\repository"/>
    <property name="java.vendor.url.bug" value="https://bugreport.java.com/bugreport/"/>
    <property name="java.io.tmpdir" value="C:\Users\e013101\AppData\Local\Temp\"/>
    <property name="java.version" value="11.0.18"/>
    <property name="user.dir" value="C:\Users\e013101\eclipse-workspace\MyDemoProject"/>
    <property name="os.arch" value="amd64"/>
    <property name="java.vm.specification.name" value="Java Virtual Machine Specification"/>
    <property name="java.awt.printerjob" value="sun.awt.windows.WPrinterJob"/>
    <property name="sun.os.patch.level" value=""/>
    <property name="java.library.path" value="C:\Program Files\Java\jdk-11\bin;C:\WINDOWS\Sun\Java\bin;C:\WINDOWS\system32;C:\WINDOWS;C:\Program Files\Common Files\Oracle\Java\javapath;C:\Program Files (x86)\Common Files\Oracle\Java\javapath;C:\WINDOWS\system32;C:\WINDOWS;C:\WINDOWS\System32\Wbem;C:\WINDOWS\System32\WindowsPowerShell\v1.0\;C:\WINDOWS\System32\OpenSSH\;C:\Program Files (x86)\Sennheiser\SenncomSDK\;C:\Program Files\Microsoft SQL Server\120\Tools\Binn\;C:\Program Files\nodejs\;C:\Program Files\Docker\Docker\resources\bin;C:\Program Files\MySQL\MySQL Shell 8.0\bin\;C:\Users\e013101\AppData\Local\Programs\Python\Python311\Scripts\;C:\Users\e013101\AppData\Local\Programs\Python\Python311\;C:\Users\e013101\AppData\Local\Microsoft\WindowsApps;C:\Users\e013101\AppData\Local\Programs\Microsoft VS Code\bin;C:\Users\e013101\AppData\Roaming\npm;C:\Users\e013101\AppData\Local\Programs\Git\cmd;C:\cov-analysis-win64-2022.12.2\cov-analysis-win64-2022.12.2\bin;C:\apache-maven-3.9.3-bin\apache-maven-3.9.3\bin;."/>
    <property name="java.vendor" value="Oracle Corporation"/>
    <property name="java.vm.info" value="mixed mode"/>
    <property name="java.vm.version" value="11.0.18+9-LTS-195"/>
    <property name="sun.io.unicode.encoding" value="UnicodeLittle"/>
    <property name="java.class.version" value="55.0"/>
  </properties>
  <testcase name="testApp" classname="sample.MyDemoProject.AppTest" time="0.006"/>
</testsuite>